<?xml version="1.0" encoding="UTF-8"?>
<testng-results ignored="0" total="1" passed="0" failed="1" skipped="0">
  <reporter-output>
    <line>
      <![CDATA[<test Case> Default test has Successfully Started]]>
    </line>
    <line>
      <![CDATA[[test Case buyProductMeThod has Started]]]>
    </line>
    <line>
      <![CDATA[[TestCase buyProductMeThod has Failed]]>
    </line>
  </reporter-output>
  <suite started-at="2026-07-14T16:35:42 IST" name="Default suite" finished-at="2026-07-14T16:38:08 IST" duration-ms="146686">
    <groups>
    </groups>
    <test started-at="2026-07-14T16:35:42 IST" name="Default test" finished-at="2026-07-14T16:38:08 IST" duration-ms="146686">
      <class name="org.Test.TC_BuyProduct_002_Test">
        <test-method is-config="true" signature="browserStep()[pri:0, instance:org.Test.TC_BuyProduct_002_Test@323b36e0]" started-at="2026-07-14T16:35:42 IST" name="browserStep" finished-at="2026-07-14T16:36:16 IST" duration-ms="34137" status="PASS">
          <reporter-output>
          </reporter-output>
        </test-method> <!-- browserStep -->
        <test-method is-config="true" signature="login()[pri:0, instance:org.Test.TC_BuyProduct_002_Test@323b36e0]" started-at="2026-07-14T16:36:16 IST" name="login" finished-at="2026-07-14T16:36:27 IST" duration-ms="10567" status="PASS">
          <reporter-output>
          </reporter-output>
        </test-method> <!-- login -->
        <test-method signature="buyProductMeThod()[pri:0, instance:org.Test.TC_BuyProduct_002_Test@323b36e0]" started-at="2026-07-14T16:36:27 IST" name="buyProductMeThod" finished-at="2026-07-14T16:37:57 IST" duration-ms="89471" status="FAIL">
          <exception class="java.lang.AssertionError">
            <message>
              <![CDATA[The following asserts failed:
Prduct has been failed to process expected [Your order has been successfully processed!] but found [Thank you]]]>
            </message>
            <full-stacktrace>
              <![CDATA[java.lang.AssertionError: The following asserts failed:
Prduct has been failed to process expected [Your order has been successfully processed!] but found [Thank you]
at org.testng.asserts.SoftAssert.assertAll(SoftAssert.java:46)
at org.testng.asserts.SoftAssert.assertAll(SoftAssert.java:30)
at org.Test.TC_BuyProduct_002_Test.buyProductMeThod(TC_BuyProduct_002_Test.java:67)
at java.base/jdk.internal.reflect.DirectMethodHandleAccessor.invoke(DirectMethodHandleAccessor.java:104)
at java.base/java.lang.reflect.Method.invoke(Method.java:565)
at org.testng.internal.invokers.MethodInvocationHelper.invokeMethod(MethodInvocationHelper.java:141)
at org.testng.internal.invokers.TestInvoker.invokeMethod(TestInvoker.java:687)
at org.testng.internal.invokers.TestInvoker.invokeTestMethod(TestInvoker.java:230)
at org.testng.internal.invokers.MethodRunner.runInSequence(MethodRunner.java:63)
at org.testng.internal.invokers.TestInvoker$MethodInvocationAgent.invoke(TestInvoker.java:995)
at org.testng.internal.invokers.TestInvoker.invokeTestMethods(TestInvoker.java:203)
at org.testng.internal.invokers.TestMethodWorker.invokeTestMethods(TestMethodWorker.java:154)
at org.testng.internal.invokers.TestMethodWorker.run(TestMethodWorker.java:134)
at java.base/java.util.ArrayList.forEach(ArrayList.java:1604)
at org.testng.TestRunner.privateRun(TestRunner.java:741)
at org.testng.TestRunner.run(TestRunner.java:616)
at org.testng.SuiteRunner.runTest(SuiteRunner.java:421)
at org.testng.SuiteRunner.runSequentially(SuiteRunner.java:413)
at org.testng.SuiteRunner.privateRun(SuiteRunner.java:373)
at org.testng.SuiteRunner.run(SuiteRunner.java:312)
at org.testng.SuiteRunnerWorker.runSuite(SuiteRunnerWorker.java:52)
at org.testng.SuiteRunnerWorker.run(SuiteRunnerWorker.java:95)
at org.testng.TestNG.runSuitesSequentially(TestNG.java:1274)
at org.testng.TestNG.runSuitesLocally(TestNG.java:1208)
at org.testng.TestNG.runSuites(TestNG.java:1112)
at org.testng.TestNG.run(TestNG.java:1079)
at org.testng.remote.AbstractRemoteTestNG.run(AbstractRemoteTestNG.java:115)
at org.testng.remote.RemoteTestNG.initAndRun(RemoteTestNG.java:293)
at org.testng.remote.RemoteTestNG.main(RemoteTestNG.java:91)
]]>
            </full-stacktrace>
          </exception> <!-- java.lang.AssertionError -->
          <reporter-output>
            <line>
              <![CDATA[[test Case buyProductMeThod has Started]]]>
            </line>
            <line>
              <![CDATA[[TestCase buyProductMeThod has Failed]]>
            </line>
          </reporter-output>
        </test-method> <!-- buyProductMeThod -->
        <test-method is-config="true" signature="Logout()[pri:0, instance:org.Test.TC_BuyProduct_002_Test@323b36e0]" started-at="2026-07-14T16:37:58 IST" name="Logout" finished-at="2026-07-14T16:38:04 IST" duration-ms="5930" status="PASS">
          <reporter-output>
          </reporter-output>
        </test-method> <!-- Logout -->
        <test-method is-config="true" signature="closeBrowser()[pri:0, instance:org.Test.TC_BuyProduct_002_Test@323b36e0]" started-at="2026-07-14T16:38:04 IST" name="closeBrowser" finished-at="2026-07-14T16:38:08 IST" duration-ms="4072" status="PASS">
          <reporter-output>
          </reporter-output>
        </test-method> <!-- closeBrowser -->
      </class> <!-- org.Test.TC_BuyProduct_002_Test -->
    </test> <!-- Default test -->
  </suite> <!-- Default suite -->
</testng-results>
