<?xml version="1.0" encoding="UTF-8"?>
<!-- Generated by org.testng.reporters.JUnitReportReporter -->
<testsuite hostname="DESKTOP-VLM4060" failures="0" tests="1" name="org.Test.TC_AddToCart_001_Test" time="5.095" errors="0" timestamp="2026-02-07T12:20:43 IST" skipped="0">
  <testcase classname="org.Test.TC_AddToCart_001_Test" name="addTocart" time="5.095">
    <system-out>
      <![CDATA[[test Case addTocart has Started]
[test Case addTocart has Successfully Executed]]]>
    </system-out>
  </testcase> <!-- addTocart -->
  <system-out>
    <![CDATA[<test Case> Test has Successfully Started
[test Case removeproduct has Started]
Product is removed from cart!
[test Case removeproduct has Successfully Executed]
[test Case addTocart has Started]
[test Case addTocart has Successfully Executed]]]>
  </system-out>
</testsuite> <!-- org.Test.TC_AddToCart_001_Test -->
